#
# There is insufficient memory for the Java Runtime Environment to continue.
# Native memory allocation (mmap) failed to map 132120576 bytes for G1 virtual space
# Possible reasons:
#   The system is out of physical RAM or swap space
#   The process is running with CompressedOops enabled, and the Java Heap may be blocking the growth of the native heap
# Possible solutions:
#   Reduce memory load on the system
#   Increase physical memory or swap space
#   Check if swap backing store is full
#   Decrease Java heap size (-Xmx/-Xms)
#   Decrease number of Java threads
#   Decrease Java thread stack sizes (-Xss)
#   Set larger code cache with -XX:ReservedCodeCacheSize=
#   JVM is running with Unscaled Compressed Oops mode in which the Java heap is
#     placed in the first 4GB address space. The Java Heap base address is the
#     maximum limit for the native heap growth. Please use -XX:HeapBaseMinAddress
#     to set the Java Heap base and to place the Java Heap above 4GB virtual address.
# This output file may be truncated or incomplete.
#
#  Out of Memory Error (os_windows.cpp:3528), pid=35712, tid=36040
#
# JRE version:  (20.0.1+9) (build )
# Java VM: Java HotSpot(TM) 64-Bit Server VM (20.0.1+9-29, mixed mode, sharing, tiered, compressed oops, compressed class ptrs, g1 gc, windows-amd64)
# No core dump will be written. Minidumps are not enabled by default on client versions of Windows
#

---------------  S U M M A R Y ------------

Command Line: -Dfile.encoding=UTF-8 --module-path=C:\Users\91738\OneDrive\Documents\NetBeansProjects\Bank_Management_System\build\classes bank_management_system.SignUp3

Host: 11th Gen Intel(R) Core(TM) i3-1115G4 @ 3.00GHz, 4 cores, 7G,  Windows 11 , 64 bit Build 22621 (10.0.22621.3235)
Time: Sat Mar 23 12:18:19 2024 India Standard Time elapsed time: 0.011139 seconds (0d 0h 0m 0s)

---------------  T H R E A D  ---------------

Current thread (0x000002a7de1ceca0):  JavaThread "Unknown thread" [_thread_in_vm, id=36040, stack(0x000000e34af00000,0x000000e34b000000)]

Stack: [0x000000e34af00000,0x000000e34b000000]
Native frames: (J=compiled Java code, j=interpreted, Vv=VM code, C=native code)
V  [jvm.dll+0x6bb95a]
V  [jvm.dll+0x8485fa]
V  [jvm.dll+0x84a1f5]
V  [jvm.dll+0x84a8f3]
V  [jvm.dll+0x280b0f]
V  [jvm.dll+0x6b86e9]
V  [jvm.dll+0x6ad2da]
V  [jvm.dll+0x35adf5]
V  [jvm.dll+0x363016]
V  [jvm.dll+0x3b3b3e]
V  [jvm.dll+0x3b3dc5]
V  [jvm.dll+0x32b50a]
V  [jvm.dll+0x32c32b]
V  [jvm.dll+0x8112bf]
V  [jvm.dll+0x3c0d91]
V  [jvm.dll+0x7fcfe3]
V  [jvm.dll+0x44c76f]
V  [jvm.dll+0x44e0e1]
C  [jli.dll+0x5287]
C  [ucrtbase.dll+0x29363]
C  [KERNEL32.DLL+0x1257d]
C  [ntdll.dll+0x5aa58]


---------------  P R O C E S S  ---------------

Threads class SMR info:
_java_thread_list=0x00007ffca883a098, length=0, elements={
}

Java Threads: ( => current thread )

Other Threads:
  0x000002a7de22f530 WorkerThread "GC Thread#0" [stack: 0x000000e34b000000,0x000000e34b100000] [id=36168]
  0x000002a7de23fe00 ConcurrentGCThread "G1 Main Marker" [stack: 0x000000e34b100000,0x000000e34b200000] [id=18580]
  0x000002a7de240830 WorkerThread "G1 Conc#0" [stack: 0x000000e34b200000,0x000000e34b300000] [id=24040]

[error occurred during error reporting (printing all threads), id 0xc0000005, EXCEPTION_ACCESS_VIOLATION (0xc0000005) at pc=0x00007ffca801eb47]
VM state: not at safepoint (not fully initialized)

VM Mutex/Monitor currently owned by a thread:  ([mutex/lock_event])
[0x000002a7de1caf20] Heap_lock - owner thread: 0x000002a7de1ceca0

Heap address: 0x0000000083200000, size: 1998 MB, Compressed Oops mode: 32-bit

CDS archive(s) mapped at: [0x0000000000000000-0x0000000000000000-0x0000000000000000), size 0, SharedBaseAddress: 0x0000000800000000, ArchiveRelocationMode: 0.
Narrow klass base: 0x0000000000000000, Narrow klass shift: 0, Narrow klass range: 0x0

GC Precious Log:
 CardTable entry size: 512
 Card Set container configuration: InlinePtr #cards 5 size 8 Array Of Cards #cards 12 size 40 Howl #buckets 4 coarsen threshold 1843 Howl Bitmap #cards 512 size 80 coarsen threshold 460 Card regions per heap region 1 cards per card region 2048

Heap:
 garbage-first heap   total 0K, used 0K [0x0000000083200000, 0x0000000100000000)
  region size 1024K, 0 young (0K), 0 survivors (0K)

[error occurred during error reporting (printing heap information), id 0xc0000005, EXCEPTION_ACCESS_VIOLATION (0xc0000005) at pc=0x00007ffca83f3c59]
GC Heap History (0 events):
No events

Dll operation events (1 events):
Event: 0.007 Loaded shared library C:\Program Files\Java\jdk-20\bin\java.dll

Deoptimization events (0 events):
No events

Classes loaded (0 events):
No events

Classes unloaded (0 events):
No events

Classes redefined (0 events):
No events

Internal exceptions (0 events):
No events

VM Operations (0 events):
No events

Events (0 events):
No events


Dynamic libraries:
0x00007ff6dbaf0000 - 0x00007ff6dbb00000 	C:\Program Files\Java\jdk-20\bin\java.exe
0x00007ffd53690000 - 0x00007ffd538a6000 	C:\WINDOWS\SYSTEM32\ntdll.dll
0x00007ffd52c10000 - 0x00007ffd52cd4000 	C:\WINDOWS\System32\KERNEL32.DLL
0x00007ffd50df0000 - 0x00007ffd51196000 	C:\WINDOWS\System32\KERNELBASE.dll
0x00007ffd512c0000 - 0x00007ffd513d1000 	C:\WINDOWS\System32\ucrtbase.dll
0x00007ffd30a30000 - 0x00007ffd30a49000 	C:\Program Files\Java\jdk-20\bin\jli.dll
0x00007ffd41a00000 - 0x00007ffd41a1b000 	C:\Program Files\Java\jdk-20\bin\VCRUNTIME140.dll
0x00007ffd530c0000 - 0x00007ffd53172000 	C:\WINDOWS\System32\ADVAPI32.dll
0x00007ffd52eb0000 - 0x00007ffd52f57000 	C:\WINDOWS\System32\msvcrt.dll
0x00007ffd513e0000 - 0x00007ffd51488000 	C:\WINDOWS\System32\sechost.dll
0x00007ffd50cf0000 - 0x00007ffd50d18000 	C:\WINDOWS\System32\bcrypt.dll
0x00007ffd529b0000 - 0x00007ffd52ac5000 	C:\WINDOWS\System32\RPCRT4.dll
0x00007ffd524f0000 - 0x00007ffd5269d000 	C:\WINDOWS\System32\USER32.dll
0x00007ffd50d20000 - 0x00007ffd50d46000 	C:\WINDOWS\System32\win32u.dll
0x00007ffd526b0000 - 0x00007ffd526d9000 	C:\WINDOWS\System32\GDI32.dll
0x00007ffd32d40000 - 0x00007ffd32fd3000 	C:\WINDOWS\WinSxS\amd64_microsoft.windows.common-controls_6595b64144ccf1df_6.0.22621.3235_none_270f74e173860f98\COMCTL32.dll
0x00007ffd511a0000 - 0x00007ffd512b8000 	C:\WINDOWS\System32\gdi32full.dll
0x00007ffd50d50000 - 0x00007ffd50dea000 	C:\WINDOWS\System32\msvcp_win.dll
0x00007ffd4a000000 - 0x00007ffd4a00a000 	C:\WINDOWS\SYSTEM32\VERSION.dll
0x00007ffd52e10000 - 0x00007ffd52e41000 	C:\WINDOWS\System32\IMM32.DLL
0x00007ffd4b930000 - 0x00007ffd4b93c000 	C:\Program Files\Java\jdk-20\bin\vcruntime140_1.dll
0x00007ffd158d0000 - 0x00007ffd1595e000 	C:\Program Files\Java\jdk-20\bin\msvcp140.dll
0x00007ffca7ce0000 - 0x00007ffca8977000 	C:\Program Files\Java\jdk-20\bin\server\jvm.dll
0x00007ffd46af0000 - 0x00007ffd46b24000 	C:\WINDOWS\SYSTEM32\WINMM.dll
0x00007ffd3de10000 - 0x00007ffd3de19000 	C:\WINDOWS\SYSTEM32\WSOCK32.dll
0x00007ffd53040000 - 0x00007ffd530b1000 	C:\WINDOWS\System32\WS2_32.dll
0x00007ffd4fa10000 - 0x00007ffd4fa28000 	C:\WINDOWS\SYSTEM32\kernel.appcore.dll
0x00007ffd41a40000 - 0x00007ffd41a4a000 	C:\Program Files\Java\jdk-20\bin\jimage.dll
0x00007ffd4dde0000 - 0x00007ffd4e013000 	C:\WINDOWS\SYSTEM32\DBGHELP.DLL
0x00007ffd51490000 - 0x00007ffd51818000 	C:\WINDOWS\System32\combase.dll
0x00007ffd528d0000 - 0x00007ffd529a7000 	C:\WINDOWS\System32\OLEAUT32.dll
0x00007ffd41480000 - 0x00007ffd414b2000 	C:\WINDOWS\SYSTEM32\dbgcore.DLL
0x00007ffd50c70000 - 0x00007ffd50cea000 	C:\WINDOWS\System32\bcryptPrimitives.dll
0x00007ffd2e350000 - 0x00007ffd2e376000 	C:\Program Files\Java\jdk-20\bin\java.dll

dbghelp: loaded successfully - version: 4.0.5 - missing functions: none
symbol engine: initialized successfully - sym options: 0x614 - pdb path: .;C:\Program Files\Java\jdk-20\bin;C:\WINDOWS\SYSTEM32;C:\WINDOWS\WinSxS\amd64_microsoft.windows.common-controls_6595b64144ccf1df_6.0.22621.3235_none_270f74e173860f98;C:\Program Files\Java\jdk-20\bin\server

VM Arguments:
jvm_args: -Dfile.encoding=UTF-8 --module-path=C:\Users\91738\OneDrive\Documents\NetBeansProjects\Bank_Management_System\build\classes 
java_command: bank_management_system.SignUp3
java_class_path (initial): C:\Users\91738\OneDrive\Documents\NetBeansProjects\Bank_Management_System\src\jcalendar-tz-1.3.3-4.jar;C:\Users\91738\OneDrive\Documents\NetBeansProjects\Bank_Management_System\src\mysql-connector-java-8.0.28.jar;C:\Users\91738\OneDrive\Documents\NetBeansProjects\Bank_Management_System\build\classes
Launcher Type: SUN_STANDARD

[Global flags]
     intx CICompilerCount                          = 3                                         {product} {ergonomic}
     uint ConcGCThreads                            = 1                                         {product} {ergonomic}
     uint G1ConcRefinementThreads                  = 4                                         {product} {ergonomic}
   size_t G1HeapRegionSize                         = 1048576                                   {product} {ergonomic}
    uintx GCDrainStackTargetSize                   = 64                                        {product} {ergonomic}
   size_t InitialHeapSize                          = 132120576                                 {product} {ergonomic}
   size_t MarkStackSize                            = 4194304                                   {product} {ergonomic}
   size_t MaxHeapSize                              = 2095054848                                {product} {ergonomic}
   size_t MinHeapDeltaBytes                        = 1048576                                   {product} {ergonomic}
   size_t MinHeapSize                              = 8388608                                   {product} {ergonomic}
    uintx NonNMethodCodeHeapSize                   = 5832780                                {pd product} {ergonomic}
    uintx NonProfiledCodeHeapSize                  = 122912730                              {pd product} {ergonomic}
    uintx ProfiledCodeHeapSize                     = 122912730                              {pd product} {ergonomic}
    uintx ReservedCodeCacheSize                    = 251658240                              {pd product} {ergonomic}
     bool SegmentedCodeCache                       = true                                      {product} {ergonomic}
   size_t SoftMaxHeapSize                          = 2095054848                             {manageable} {ergonomic}
     bool UseCompressedClassPointers               = true                           {product lp64_product} {ergonomic}
     bool UseCompressedOops                        = true                           {product lp64_product} {ergonomic}
     bool UseG1GC                                  = true                                      {product} {ergonomic}
     bool UseLargePagesIndividualAllocation        = false                                  {pd product} {ergonomic}

Logging:
Log output configuration:
 #0: stdout all=warning uptime,level,tags foldmultilines=false
 #1: stderr all=off uptime,level,tags foldmultilines=false

Environment Variables:
PATH=C:\app\91738\product\21c\dbhomeXE\bin;C:\Program Files\Common Files\Oracle\Java\javapath;C:\Program Files (x86)\Common Files\Oracle\Java\javapath;C:\WINDOWS\system32;C:\WINDOWS;C:\WINDOWS\System32\Wbem;C:\WINDOWS\System32\WindowsPowerShell\v1.0\;C:\WINDOWS\System32\OpenSSH\;C:\MinGW\bin;C:\Program Files\Java\jdk-19;C:\Program Files\dotnet\;C:\Program Files\Git\cmd;C:\Program Files\MySQL\MySQL Shell 8.0\bin\;C:\Users\91738\AppData\Local\Microsoft\WindowsApps;C:\Program Files\Multipass\bin;C:\Users\91738\AppData\Local\Programs\Microsoft VS Code\bin;C:\Program Files\Java\jdk-19\bin;
USERNAME=91738
OS=Windows_NT
PROCESSOR_IDENTIFIER=Intel64 Family 6 Model 140 Stepping 1, GenuineIntel
TMP=C:\Users\91738\AppData\Local\Temp
TEMP=C:\Users\91738\AppData\Local\Temp




---------------  S Y S T E M  ---------------

OS:
 Windows 11 , 64 bit Build 22621 (10.0.22621.3235)
OS uptime: 3 days 22:32 hours

CPU: total 4 (initial active 4) (2 cores per cpu, 2 threads per core) family 6 model 140 stepping 1 microcode 0x8a, cx8, cmov, fxsr, ht, mmx, 3dnowpref, sse, sse2, sse3, ssse3, sse4.1, sse4.2, popcnt, lzcnt, tsc, tscinvbit, avx, avx2, aes, erms, clmul, bmi1, bmi2, adx, avx512f, avx512dq, avx512cd, avx512bw, avx512vl, sha, fma, vzeroupper, avx512_vpopcntdq, avx512_vpclmulqdq, avx512_vaes, avx512_vnni, clflush, clflushopt, clwb, avx512_vbmi2, avx512_vbmi, rdtscp, rdpid, fsrm, gfni, avx512_bitalg, f16c, pku, cet_ibt, cet_ss, avx512_ifma

Memory: 4k page, system-wide physical 7991M (411M free)
TotalPageFile size 32567M (AvailPageFile size 28M)
current process WorkingSet (physical memory assigned to process): 11M, peak: 11M
current process commit charge ("private bytes"): 52M, peak: 178M

vm_info: Java HotSpot(TM) 64-Bit Server VM (20.0.1+9-29) for windows-amd64 JRE (20.0.1+9-29), built on 2023-03-07T13:56:11Z by "mach5one" with MS VC++ 17.1 (VS2022)

END.
